<?xml version="1.0" encoding="UTF-8"?>
<!-- Generated by org.testng.reporters.JUnitXMLReporter -->
<testsuite ignored="0" hostname="DESKTOP-ISNHKOH" failures="0" tests="3" name="Default test" time="61.056" errors="0" timestamp="2022-01-22T17:28:58 IST">
  <testcase classname="com.example.TestNG" name="navigateToAUrl" time="3.571"/>
  <testcase classname="com.example.TestNG" name="searchBooks" time="45.127"/>
  <testcase classname="com.example.TestNG" name="selectBooks" time="7.345"/>
</testsuite> <!-- Default test -->
