<?xml version="1.0" encoding="UTF-8"?>
<!-- Generated by org.testng.reporters.JUnitXMLReporter -->
<testsuite ignored="0" hostname="DESKTOP-ISNHKOH" failures="0" tests="3" name="Default test" time="37.41" errors="0" timestamp="2022-01-24T11:34:29 IST">
  <testcase classname="com.example.TestNG" name="navigateToAUrl" time="2.146"/>
  <testcase classname="com.example.TestNG" name="searchBooks" time="26.83"/>
  <testcase classname="com.example.TestNG" name="selectBooks" time="5.567"/>
</testsuite> <!-- Default test -->
