<?xml version="1.0" encoding="UTF-8"?>
<testng-results ignored="0" total="3" passed="3" failed="0" skipped="0">
  <reporter-output>
  </reporter-output>
  <suite started-at="2022-01-22T17:27:57 IST" name="Default suite" finished-at="2022-01-22T17:28:58 IST" duration-ms="61056">
    <groups>
    </groups>
    <test started-at="2022-01-22T17:27:57 IST" name="Default test" finished-at="2022-01-22T17:28:58 IST" duration-ms="61056">
      <class name="com.example.TestNG">
        <test-method is-config="true" signature="beforeMethod()[pri:0, instance:com.example.TestNG@4ddced80]" started-at="2022-01-22T17:27:57 IST" name="beforeMethod" finished-at="2022-01-22T17:27:58 IST" duration-ms="1669" status="PASS">
          <reporter-output>
          </reporter-output>
        </test-method> <!-- beforeMethod -->
        <test-method signature="navigateToAUrl()[pri:0, instance:com.example.TestNG@4ddced80]" started-at="2022-01-22T17:27:58 IST" name="navigateToAUrl" finished-at="2022-01-22T17:28:02 IST" duration-ms="3571" status="PASS">
          <reporter-output>
          </reporter-output>
        </test-method> <!-- navigateToAUrl -->
        <test-method is-config="true" signature="afterMethod()[pri:0, instance:com.example.TestNG@4ddced80]" started-at="2022-01-22T17:28:02 IST" name="afterMethod" finished-at="2022-01-22T17:28:02 IST" duration-ms="257" status="PASS">
          <reporter-output>
          </reporter-output>
        </test-method> <!-- afterMethod -->
        <test-method is-config="true" signature="beforeMethod()[pri:0, instance:com.example.TestNG@4ddced80]" started-at="2022-01-22T17:28:02 IST" name="beforeMethod" finished-at="2022-01-22T17:28:04 IST" duration-ms="1447" status="PASS">
          <reporter-output>
          </reporter-output>
        </test-method> <!-- beforeMethod -->
        <test-method signature="searchBooks()[pri:0, instance:com.example.TestNG@4ddced80]" started-at="2022-01-22T17:28:04 IST" name="searchBooks" finished-at="2022-01-22T17:28:49 IST" duration-ms="45127" status="PASS">
          <reporter-output>
          </reporter-output>
        </test-method> <!-- searchBooks -->
        <test-method is-config="true" signature="afterMethod()[pri:0, instance:com.example.TestNG@4ddced80]" started-at="2022-01-22T17:28:49 IST" name="afterMethod" finished-at="2022-01-22T17:28:49 IST" duration-ms="253" status="PASS">
          <reporter-output>
          </reporter-output>
        </test-method> <!-- afterMethod -->
        <test-method is-config="true" signature="beforeMethod()[pri:0, instance:com.example.TestNG@4ddced80]" started-at="2022-01-22T17:28:49 IST" name="beforeMethod" finished-at="2022-01-22T17:28:50 IST" duration-ms="1167" status="PASS">
          <reporter-output>
          </reporter-output>
        </test-method> <!-- beforeMethod -->
        <test-method signature="selectBooks()[pri:0, instance:com.example.TestNG@4ddced80]" started-at="2022-01-22T17:28:50 IST" name="selectBooks" finished-at="2022-01-22T17:28:58 IST" duration-ms="7345" status="PASS">
          <reporter-output>
          </reporter-output>
        </test-method> <!-- selectBooks -->
        <test-method is-config="true" signature="afterMethod()[pri:0, instance:com.example.TestNG@4ddced80]" started-at="2022-01-22T17:28:58 IST" name="afterMethod" finished-at="2022-01-22T17:28:58 IST" duration-ms="174" status="PASS">
          <reporter-output>
          </reporter-output>
        </test-method> <!-- afterMethod -->
      </class> <!-- com.example.TestNG -->
    </test> <!-- Default test -->
  </suite> <!-- Default suite -->
</testng-results>
