<?xml version="1.0" encoding="UTF-8"?>
<testng-results ignored="0" total="2" passed="2" failed="0" skipped="0">
  <reporter-output>
  </reporter-output>
  <suite started-at="2022-01-22T12:23:13 IST" name="Default suite" finished-at="2022-01-22T12:23:32 IST" duration-ms="18789">
    <groups>
    </groups>
    <test started-at="2022-01-22T12:23:13 IST" name="Default test" finished-at="2022-01-22T12:23:32 IST" duration-ms="18789">
      <class name="com.example.TestNG">
        <test-method is-config="true" signature="beforeMethod()[pri:0, instance:com.example.TestNG@20d28811]" started-at="2022-01-22T12:23:13 IST" name="beforeMethod" finished-at="2022-01-22T12:23:15 IST" duration-ms="2066" status="PASS">
          <reporter-output>
          </reporter-output>
        </test-method> <!-- beforeMethod -->
        <test-method signature="navigateToAUrl()[pri:0, instance:com.example.TestNG@20d28811]" started-at="2022-01-22T12:23:15 IST" name="navigateToAUrl" finished-at="2022-01-22T12:23:19 IST" duration-ms="4045" status="PASS">
          <reporter-output>
          </reporter-output>
        </test-method> <!-- navigateToAUrl -->
        <test-method is-config="true" signature="beforeMethod()[pri:0, instance:com.example.TestNG@20d28811]" started-at="2022-01-22T12:23:19 IST" name="beforeMethod" finished-at="2022-01-22T12:23:20 IST" duration-ms="1430" status="PASS">
          <reporter-output>
          </reporter-output>
        </test-method> <!-- beforeMethod -->
        <test-method signature="selectBooks()[pri:0, instance:com.example.TestNG@20d28811]" started-at="2022-01-22T12:23:20 IST" name="selectBooks" finished-at="2022-01-22T12:23:32 IST" duration-ms="11190" status="PASS">
          <reporter-output>
          </reporter-output>
        </test-method> <!-- selectBooks -->
      </class> <!-- com.example.TestNG -->
    </test> <!-- Default test -->
  </suite> <!-- Default suite -->
</testng-results>
